<?xml version="1.0" encoding="UTF-8"?>
<!-- Generated by org.testng.reporters.JUnitXMLReporter -->
<testsuite ignored="14" hostname="LTIN674619" failures="1" tests="10" name="C:/Users/2457259/OneDrive - Cognizant/Desktop/FindingHospitals" time="54.41" errors="0" timestamp="2026-02-02T10:01:33 IST">
  <testcase classname="testCases.Tc001_LoginTest" name="loginTest" time="0.751"/>
  <testcase classname="testCases.Tc002_EnterCredentials" name="enterCredentials" time="2.705"/>
  <testcase classname="testCases.Tc004_HealthAndWellnessPlan" name="healthAndWellnessPlanTest" time="6.882">
    <failure type="java.lang.AssertionError" message="expected [true] but found [false]">
      <![CDATA[java.lang.AssertionError: expected [true] but found [false]
at org.testng.Assert.fail(Assert.java:111)
at org.testng.Assert.failNotEquals(Assert.java:1590)
at org.testng.Assert.assertTrue(Assert.java:57)
at org.testng.Assert.assertTrue(Assert.java:67)
at testCases.Tc004_HealthAndWellnessPlan.healthAndWellnessPlanTest(Tc004_HealthAndWellnessPlan.java:19)
at java.base/jdk.internal.reflect.DirectMethodHandleAccessor.invoke(DirectMethodHandleAccessor.java:103)
at java.base/java.lang.reflect.Method.invoke(Method.java:580)
at org.testng.internal.invokers.MethodInvocationHelper.invokeMethod(MethodInvocationHelper.java:141)
at org.testng.internal.invokers.TestInvoker.invokeMethod(TestInvoker.java:687)
at org.testng.internal.invokers.TestInvoker.invokeTestMethod(TestInvoker.java:230)
at org.testng.internal.invokers.MethodRunner.runInSequence(MethodRunner.java:63)
at org.testng.internal.invokers.TestInvoker$MethodInvocationAgent.invoke(TestInvoker.java:995)
at org.testng.internal.invokers.TestInvoker.invokeTestMethods(TestInvoker.java:203)
at org.testng.internal.invokers.TestMethodWorker.invokeTestMethods(TestMethodWorker.java:154)
at org.testng.internal.invokers.TestMethodWorker.run(TestMethodWorker.java:134)
at java.base/java.util.ArrayList.forEach(ArrayList.java:1596)
at org.testng.TestRunner.privateRun(TestRunner.java:741)
at org.testng.TestRunner.run(TestRunner.java:616)
at org.testng.SuiteRunner.runTest(SuiteRunner.java:421)
at org.testng.SuiteRunner.runSequentially(SuiteRunner.java:413)
at org.testng.SuiteRunner.privateRun(SuiteRunner.java:373)
at org.testng.SuiteRunner.run(SuiteRunner.java:312)
at org.testng.SuiteRunnerWorker.runSuite(SuiteRunnerWorker.java:52)
at org.testng.SuiteRunnerWorker.run(SuiteRunnerWorker.java:95)
at org.testng.TestNG.runSuitesSequentially(TestNG.java:1274)
at org.testng.TestNG.runSuitesLocally(TestNG.java:1208)
at org.testng.TestNG.runSuites(TestNG.java:1112)
at org.testng.TestNG.run(TestNG.java:1079)
at com.intellij.rt.testng.IDEARemoteTestNG.run(IDEARemoteTestNG.java:65)
at com.intellij.rt.testng.RemoteTestNGStarter.main(RemoteTestNGStarter.java:105)
]]>
    </failure>
  </testcase> <!-- healthAndWellnessPlanTest -->
  <testcase classname="testCases.Tc005_FormFillingTest" name="formFillingTest" time="3.714"/>
  <testcase classname="testCases.Tc003_SearchFunctionalityTest" name="locationAndSearchHospitalTest" time="7.526"/>
  <testcase classname="testCases.Tc006_ListOfHospitals" name="testFilterCardiologyHospitals" time="3.964"/>
  <testcase classname="testCases.Tc006_ListOfHospitals" name="isdisplayed" time="11.995"/>
  <testcase classname="testCases.Tc006_ListOfHospitals" name="testListOfHospitals" time="1.669"/>
  <testcase classname="testCases.Tc006_ListOfHospitals" name="writeIntoExcel" time="2.677"/>
  <testcase classname="testCases.Tc007_StoringCities" name="clickOnLogoTest" time="11.312"/>
  <testcase classname="testCases.BaseTest" name="@BeforeSuite createDriverOnce" time="0.0">
    <ignored/>
  </testcase> <!-- @BeforeSuite createDriverOnce -->
  <testcase classname="testCases.BaseTest" name="@AfterSuite tearDownOnce" time="0.0">
    <ignored/>
  </testcase> <!-- @AfterSuite tearDownOnce -->
  <testcase classname="testCases.BaseTest" name="@BeforeSuite createDriverOnce" time="0.0">
    <ignored/>
  </testcase> <!-- @BeforeSuite createDriverOnce -->
  <testcase classname="testCases.BaseTest" name="@AfterSuite tearDownOnce" time="0.0">
    <ignored/>
  </testcase> <!-- @AfterSuite tearDownOnce -->
  <testcase classname="testCases.BaseTest" name="@BeforeSuite createDriverOnce" time="0.0">
    <ignored/>
  </testcase> <!-- @BeforeSuite createDriverOnce -->
  <testcase classname="testCases.BaseTest" name="@AfterSuite tearDownOnce" time="0.0">
    <ignored/>
  </testcase> <!-- @AfterSuite tearDownOnce -->
  <testcase classname="testCases.BaseTest" name="@AfterSuite tearDownOnce" time="0.0">
    <ignored/>
  </testcase> <!-- @AfterSuite tearDownOnce -->
  <testcase classname="testCases.BaseTest" name="@AfterSuite tearDownOnce" time="0.0">
    <ignored/>
  </testcase> <!-- @AfterSuite tearDownOnce -->
  <testcase classname="testCases.BaseTest" name="@BeforeSuite createDriverOnce" time="0.0">
    <ignored/>
  </testcase> <!-- @BeforeSuite createDriverOnce -->
  <testcase classname="testCases.BaseTest" name="@BeforeSuite createDriverOnce" time="0.0">
    <ignored/>
  </testcase> <!-- @BeforeSuite createDriverOnce -->
  <testcase classname="testCases.BaseTest" name="@BeforeSuite createDriverOnce" time="0.0">
    <ignored/>
  </testcase> <!-- @BeforeSuite createDriverOnce -->
  <testcase classname="testCases.BaseTest" name="@AfterSuite tearDownOnce" time="0.0">
    <ignored/>
  </testcase> <!-- @AfterSuite tearDownOnce -->
  <testcase classname="testCases.BaseTest" name="@BeforeSuite createDriverOnce" time="0.0">
    <ignored/>
  </testcase> <!-- @BeforeSuite createDriverOnce -->
  <testcase classname="testCases.BaseTest" name="@AfterSuite tearDownOnce" time="0.0">
    <ignored/>
  </testcase> <!-- @AfterSuite tearDownOnce -->
</testsuite> <!-- C:/Users/2457259/OneDrive - Cognizant/Desktop/FindingHospitals -->
