<?xml version="1.0" encoding="UTF-8"?>
<!-- Generated by org.testng.reporters.JUnitReportReporter -->
<testsuite hostname="LTIN674619" failures="0" tests="4" name="testCases.Tc006_ListOfHospitals" time="15.810" errors="0" timestamp="2026-01-23T16:58:37 IST" skipped="0">
  <testcase classname="testCases.Tc006_ListOfHospitals" name="testFilterCardiologyHospitals" time="3.239"/>
  <testcase classname="testCases.Tc006_ListOfHospitals" name="isdisplayed" time="8.889"/>
  <testcase classname="testCases.Tc006_ListOfHospitals" name="testListOfHospitals" time="1.455"/>
  <testcase classname="testCases.Tc006_ListOfHospitals" name="writeIntoExcel" time="2.227"/>
</testsuite> <!-- testCases.Tc006_ListOfHospitals -->
