<?xml version="1.0" encoding="UTF-8"?>
<!-- Generated by org.testng.reporters.JUnitReportReporter -->
<testsuite hostname="LTIN674619" failures="0" tests="4" name="testCases.Tc006_ListOfHospitals" time="20.305" errors="0" timestamp="2026-02-02T10:01:39 IST" skipped="0">
  <testcase classname="testCases.Tc006_ListOfHospitals" name="testFilterCardiologyHospitals" time="3.964"/>
  <testcase classname="testCases.Tc006_ListOfHospitals" name="isdisplayed" time="11.995"/>
  <testcase classname="testCases.Tc006_ListOfHospitals" name="testListOfHospitals" time="1.669"/>
  <testcase classname="testCases.Tc006_ListOfHospitals" name="writeIntoExcel" time="2.677"/>
</testsuite> <!-- testCases.Tc006_ListOfHospitals -->
